2025-05-23 01:19:47,468 INFO Starting ETL process
2025-05-23 01:19:47,468 INFO Fetching BOG transactions from 2025-04-04 to 2025-05-05
2025-05-23 01:19:47,470 INFO Fetched 0 BOG transactions
2025-05-23 01:19:47,470 INFO BOG transactions written to SQLite
2025-05-23 01:19:47,470 INFO Fetching TBC transactions from 2025-04-04 to 2025-05-05
2025-05-23 01:19:47,471 INFO Fetched 0 TBC transactions
2025-05-23 01:19:47,471 INFO TBC transactions written to SQLite
2025-05-23 01:19:47,472 INFO Fetching daily currency rates for ['USD', 'EUR', 'GBP', 'TRY']
2025-05-23 01:19:49,659 INFO Fetched 8 currency rate records
2025-05-23 01:19:49,671 INFO Currency rates written to SQLite
2025-05-23 01:19:49,671 INFO ETL complete. Data written to bank_data.db
2025-05-23 01:20:30,533 INFO Starting ETL process
2025-05-23 01:20:30,534 INFO Fetching BOG transactions from 2025-04-04 to 2025-05-05
2025-05-23 01:22:24,808 INFO Fetched 8507 BOG transactions
2025-05-23 01:22:24,921 INFO BOG transactions written to SQLite
2025-05-23 01:22:24,921 INFO Fetching TBC transactions from 2025-04-04 to 2025-05-05
2025-05-23 01:22:24,966 INFO Fetched 0 TBC transactions
2025-05-23 01:22:24,966 INFO TBC transactions written to SQLite
2025-05-23 01:22:24,966 INFO Fetching daily currency rates for ['USD', 'EUR', 'GBP', 'TRY']
2025-05-23 01:22:27,252 INFO Fetched 8 currency rate records
2025-05-23 01:22:27,256 INFO Currency rates written to SQLite
2025-05-23 01:22:27,256 INFO ETL complete. Data written to bank_data.db
2025-05-23 01:25:42,633 INFO Starting ETL process
2025-05-23 01:25:42,633 INFO Fetching BOG transactions from 2025-04-04 to 2025-05-05
2025-05-23 01:27:16,835 INFO Fetched 8507 BOG transactions
2025-05-23 01:27:16,950 INFO BOG transactions written to SQLite
2025-05-23 01:27:16,951 INFO Fetching TBC transactions from 2025-04-04 to 2025-05-05
2025-05-23 01:27:17,022 INFO Fetched 0 TBC transactions
2025-05-23 01:27:17,023 INFO TBC transactions written to SQLite
2025-05-23 01:27:17,023 INFO Fetching daily currency rates for ['USD', 'EUR', 'GBP', 'TRY']
2025-05-23 01:27:19,399 INFO Fetched 8 currency rate records
2025-05-23 01:27:19,411 INFO Currency rates written to SQLite
2025-05-23 01:27:19,411 INFO ETL complete. Data written to bank_data.db
2025-05-23 01:27:20,073 INFO Starting ETL process
2025-05-23 01:27:20,074 INFO Fetching BOG transactions from 2025-04-04 to 2025-05-05
2025-05-23 01:29:25,205 INFO Fetched 8507 BOG transactions
2025-05-23 01:29:25,314 INFO BOG transactions written to SQLite
2025-05-23 01:29:25,315 INFO Fetching TBC transactions from 2025-04-04 to 2025-05-05
2025-05-23 01:29:25,345 INFO Fetched 0 TBC transactions
2025-05-23 01:29:25,345 INFO TBC transactions written to SQLite
2025-05-23 01:29:25,346 INFO Fetching daily currency rates for ['USD', 'EUR', 'GBP', 'TRY']
2025-05-23 01:29:42,895 INFO Fetched 8 currency rate records
2025-05-23 01:29:42,908 INFO Currency rates written to SQLite
2025-05-23 01:29:42,908 INFO ETL complete. Data written to bank_data.db
2025-05-23 01:29:43,590 INFO Starting ETL process
2025-05-23 01:29:43,590 INFO Fetching BOG transactions from 2025-04-04 to 2025-05-05
2025-05-23 01:31:28,223 INFO Fetched 8507 BOG transactions
2025-05-23 01:31:28,339 INFO BOG transactions written to SQLite
2025-05-23 01:31:28,339 INFO Fetching TBC transactions from 2025-04-04 to 2025-05-05
2025-05-23 01:31:28,368 INFO Fetched 0 TBC transactions
2025-05-23 01:31:28,369 INFO TBC transactions written to SQLite
2025-05-23 01:31:28,369 INFO Fetching daily currency rates for ['USD', 'EUR', 'GBP', 'TRY']
2025-05-23 01:31:30,626 INFO Fetched 8 currency rate records
2025-05-23 01:31:30,631 INFO Currency rates written to SQLite
2025-05-23 01:31:30,631 INFO ETL complete. Data written to bank_data.db
2025-05-23 01:31:30,631 INFO TLS Certificate Checklist:
2025-05-23 01:31:30,631 INFO RGG: server_cert.pem=MISSING, key_unencrypted.pem=MISSING
2025-05-23 01:31:30,631 INFO RGH: server_cert.pem=MISSING, key_unencrypted.pem=MISSING
2025-05-23 01:31:30,631 INFO FRG: server_cert.pem=MISSING, key_unencrypted.pem=MISSING
2025-05-23 01:31:30,632 INFO SRG: server_cert.pem=MISSING, key_unencrypted.pem=MISSING
2025-05-23 01:31:30,632 INFO GAG: server_cert.pem=MISSING, key_unencrypted.pem=MISSING
2025-05-23 01:31:30,632 INFO MSG: server_cert.pem=MISSING, key_unencrypted.pem=MISSING
2025-05-23 01:31:30,632 INFO MRG: server_cert.pem=MISSING, key_unencrypted.pem=MISSING
2025-05-23 01:31:30,632 INFO PRG: server_cert.pem=MISSING, key_unencrypted.pem=MISSING
2025-05-23 01:31:30,632 INFO BRG: server_cert.pem=MISSING, key_unencrypted.pem=MISSING
2025-05-23 01:31:30,632 INFO MHR: server_cert.pem=MISSING, key_unencrypted.pem=MISSING
2025-05-23 01:31:30,632 WARNING Could not print/export TLS certificate checklist or create folders: [WinError 5] Access is denied: 'C:\\Users\\arkik'
